Using pre-set license
Built from '6000.0/staging' branch; Version is '6000.0.28f1 (f336aca0cab5) revision 15939244'; Using compiler version '193933523'; Build Type 'Release'
OS: 'Windows 11  (10.0.22631) 64bit CoreSingleLanguage' Language: 'en' Physical Memory: 8023 MB
BatchMode: 1, IsHumanControllingUs: 0, StartBugReporterOnCrash: 0, Is64bit: 1, IsPro: 1

COMMAND LINE ARGUMENTS:
C:\Program Files\Unity\Hub\Editor\6000.0.28f1\Editor\Unity.exe
-adb2
-batchMode
-noUpm
-name
AssetImportWorker4
-projectPath
D:/ComputerGraphic_Project/ComputerGraphic/My project
-logFile
Logs/AssetImportWorker4.log
-srvPort
51979
-job-worker-count
5
-background-job-worker-count
8
-asset-garbage-collectors
1
Successfully changed project path to: D:/ComputerGraphic_Project/ComputerGraphic/My project
D:/ComputerGraphic_Project/ComputerGraphic/My project
[UnityMemory] Configuration Parameters - Can be set up in boot.config
    "memorysetup-bucket-allocator-granularity=16"
    "memorysetup-bucket-allocator-bucket-count=8"
    "memorysetup-bucket-allocator-block-size=33554432"
    "memorysetup-bucket-allocator-block-count=8"
    "memorysetup-main-allocator-block-size=16777216"
    "memorysetup-thread-allocator-block-size=16777216"
    "memorysetup-gfx-main-allocator-block-size=16777216"
    "memorysetup-gfx-thread-allocator-block-size=16777216"
    "memorysetup-cache-allocator-block-size=4194304"
    "memorysetup-typetree-allocator-block-size=2097152"
    "memorysetup-profiler-bucket-allocator-granularity=16"
    "memorysetup-profiler-bucket-allocator-bucket-count=8"
    "memorysetup-profiler-bucket-allocator-block-size=33554432"
    "memorysetup-profiler-bucket-allocator-block-count=8"
    "memorysetup-profiler-allocator-block-size=16777216"
    "memorysetup-profiler-editor-allocator-block-size=1048576"
    "memorysetup-temp-allocator-size-main=16777216"
    "memorysetup-job-temp-allocator-block-size=2097152"
    "memorysetup-job-temp-allocator-block-size-background=1048576"
    "memorysetup-job-temp-allocator-reduction-small-platforms=262144"
    "memorysetup-allocator-temp-initial-block-size-main=262144"
    "memorysetup-allocator-temp-initial-block-size-worker=262144"
    "memorysetup-temp-allocator-size-background-worker=32768"
    "memorysetup-temp-allocator-size-job-worker=262144"
    "memorysetup-temp-allocator-size-preload-manager=33554432"
    "memorysetup-temp-allocator-size-nav-mesh-worker=65536"
    "memorysetup-temp-allocator-size-audio-worker=65536"
    "memorysetup-temp-allocator-size-cloud-worker=32768"
    "memorysetup-temp-allocator-size-gi-baking-worker=262144"
    "memorysetup-temp-allocator-size-gi-baking-worker=262144"
    "memorysetup-temp-allocator-size-gi-baking-worker=262144"
    "memorysetup-temp-allocator-size-gi-baking-worker=262144"
    "memorysetup-temp-allocator-size-gi-baking-worker=262144"
    "memorysetup-temp-allocator-size-gfx=262144"
Player connection [19344]  Target information:

Player connection [19344]  * "[IP] 192.168.1.16 [Port] 0 [Flags] 2 [Guid] 2746501997 [EditorId] 2746501997 [Version] 1048832 [Id] WindowsEditor(7,Thu) [Debug] 1 [PackageName] WindowsEditor [ProjectName] Editor" 

Player connection [19344] Host joined multi-casting on [225.0.0.222:54997]...
Player connection [19344] Host joined alternative multi-casting on [225.0.0.222:34997]...
JobSystem: Creating JobQueue using job-worker-count value 5
[Physics::Module] Initialized fallback backend.
[Physics::Module] Id: 0xdecafbad
Library Redirect Path: Library/
[Physics::Module] Selected backend.
[Physics::Module] Name: PhysX
[Physics::Module] Id: 0xf2b8ea05
[Physics::Module] SDK Version: 4.1.2
[Physics::Module] Integration Version: 1.0.0
[Physics::Module] Threading Mode: Multi-Threaded
Refreshing native plugins compatible for Editor in 2.19 ms, found 4 plugins.
Preloading 0 native plugins for Editor in 0.00 ms.
Initialize engine version: 6000.0.28f1 (f336aca0cab5)
[Subsystems] Discovering subsystems at path C:/Program Files/Unity/Hub/Editor/6000.0.28f1/Editor/Data/Resources/UnitySubsystems
[Subsystems] Discovering subsystems at path D:/ComputerGraphic_Project/ComputerGraphic/My project/Assets
GfxDevice: creating device client; kGfxThreadingModeNonThreaded
Direct3D:
    Version:  Direct3D 11.0 [level 11.1]
    Renderer: NVIDIA GeForce GTX 1650 (ID=0x1f9d)
    Vendor:   NVIDIA
    VRAM:     3962 MB
    Driver:   27.21.14.5734
Initialize mono
Mono path[0] = 'C:/Program Files/Unity/Hub/Editor/6000.0.28f1/Editor/Data/Managed'
Mono path[1] = 'C:/Program Files/Unity/Hub/Editor/6000.0.28f1/Editor/Data/MonoBleedingEdge/lib/mono/unityjit-win32'
Mono config path = 'C:/Program Files/Unity/Hub/Editor/6000.0.28f1/Editor/Data/MonoBleedingEdge/etc'
Using monoOptions --debugger-agent=transport=dt_socket,embedding=1,server=y,suspend=n,address=127.0.0.1:56912
Begin MonoManager ReloadAssembly
Registering precompiled unity dll's ...
Register platform support module: C:/Program Files/Unity/Hub/Editor/6000.0.28f1/Editor/Data/PlaybackEngines/WebGLSupport/UnityEditor.WebGL.Extensions.dll
Register platform support module: C:/Program Files/Unity/Hub/Editor/6000.0.28f1/Editor/Data/PlaybackEngines/WindowsStandaloneSupport/UnityEditor.WindowsStandalone.Extensions.dll
Registered in 0.009257 seconds.
- Loaded All Assemblies, in  0.898 seconds
Native extension for WindowsStandalone target not found
Native extension for WebGL target not found
Mono: successfully reloaded assembly
- Finished resetting the current domain, in  1.006 seconds
Domain Reload Profiling: 1899ms
	BeginReloadAssembly (333ms)
		ExecutionOrderSort (0ms)
		DisableScriptedObjects (0ms)
		BackupInstance (0ms)
		ReleaseScriptingObjects (0ms)
		CreateAndSetChildDomain (3ms)
	RebuildCommonClasses (75ms)
	RebuildNativeTypeToScriptingClass (18ms)
	initialDomainReloadingComplete (120ms)
	LoadAllAssembliesAndSetupDomain (346ms)
		LoadAssemblies (326ms)
		RebuildTransferFunctionScriptingTraits (0ms)
		AnalyzeDomain (338ms)
			TypeCache.Refresh (335ms)
				TypeCache.ScanAssembly (298ms)
			BuildScriptInfoCaches (0ms)
			ResolveRequiredComponents (2ms)
	FinalizeReload (1007ms)
		ReleaseScriptCaches (0ms)
		RebuildScriptCaches (0ms)
		SetupLoadedEditorAssemblies (910ms)
			LogAssemblyErrors (0ms)
			InitializePlatformSupportModulesInManaged (70ms)
			SetLoadedEditorAssemblies (12ms)
			BeforeProcessingInitializeOnLoad (18ms)
			ProcessInitializeOnLoadAttributes (609ms)
			ProcessInitializeOnLoadMethodAttributes (194ms)
			AfterProcessingInitializeOnLoad (7ms)
			EditorAssembliesLoaded (0ms)
		ExecutionOrderSort2 (0ms)
		AwakeInstancesAfterBackupRestoration (0ms)
========================================================================
Worker process is ready to serve import requests
Import Worker Mode flag is 0x00
Begin MonoManager ReloadAssembly
- Loaded All Assemblies, in  2.293 seconds
Refreshing native plugins compatible for Editor in 4.61 ms, found 4 plugins.
Native extension for WindowsStandalone target not found
Native extension for WebGL target not found
Mono: successfully reloaded assembly
- Finished resetting the current domain, in  1.548 seconds
Domain Reload Profiling: 3834ms
	BeginReloadAssembly (1066ms)
		ExecutionOrderSort (0ms)
		DisableScriptedObjects (15ms)
		BackupInstance (0ms)
		ReleaseScriptingObjects (0ms)
		CreateAndSetChildDomain (36ms)
	RebuildCommonClasses (54ms)
	RebuildNativeTypeToScriptingClass (17ms)
	initialDomainReloadingComplete (64ms)
	LoadAllAssembliesAndSetupDomain (1085ms)
		LoadAssemblies (736ms)
		RebuildTransferFunctionScriptingTraits (0ms)
		AnalyzeDomain (526ms)
			TypeCache.Refresh (355ms)
				TypeCache.ScanAssembly (322ms)
			BuildScriptInfoCaches (144ms)
			ResolveRequiredComponents (23ms)
	FinalizeReload (1548ms)
		ReleaseScriptCaches (0ms)
		RebuildScriptCaches (0ms)
		SetupLoadedEditorAssemblies (1075ms)
			LogAssemblyErrors (0ms)
			InitializePlatformSupportModulesInManaged (5ms)
			SetLoadedEditorAssemblies (9ms)
			BeforeProcessingInitializeOnLoad (111ms)
			ProcessInitializeOnLoadAttributes (746ms)
			ProcessInitializeOnLoadMethodAttributes (189ms)
			AfterProcessingInitializeOnLoad (14ms)
			EditorAssembliesLoaded (1ms)
		ExecutionOrderSort2 (0ms)
		AwakeInstancesAfterBackupRestoration (8ms)
Launched and connected shader compiler UnityShaderCompiler.exe after 0.03 seconds
Refreshing native plugins compatible for Editor in 2.05 ms, found 4 plugins.
Preloading 0 native plugins for Editor in 0.00 ms.
Unloading 221 Unused Serialized files (Serialized files now loaded: 0)
Unloading 6559 unused Assets / (5.0 MB). Loaded Objects now: 7354.
Memory consumption went from 204.4 MB to 199.4 MB.
Total: 17.831800 ms (FindLiveObjects: 1.298900 ms CreateObjectMapping: 3.108600 ms MarkObjects: 9.056200 ms  DeleteObjects: 4.366500 ms)

========================================================================
Received Import Request.
  Time since last request: 349386.566381 seconds.
  path: Assets/Inventory System - Kinnly/ScriptableObjects/Healing_Poison.asset
  artifactKey: Guid(6c8e09d9f6f6ef14aae3c3a5e9fc098f) Importer(815301076,1909f56bfc062723c751e8b465ee728b)
Start importing Assets/Inventory System - Kinnly/ScriptableObjects/Healing_Poison.asset using Guid(6c8e09d9f6f6ef14aae3c3a5e9fc098f) Importer(815301076,1909f56bfc062723c751e8b465ee728b) (PreviewImporter) -> (artifact id: '0520d3b3f02e3fa7390902385d190cbd') in 0.0481145 seconds
Number of updated asset objects reloaded before import = 0Number of asset objects unloaded after import = 10

========================================================================
Received Import Request.
  Time since last request: 15.141341 seconds.
  path: Assets/Inventory System - Kinnly/ScriptableObjects/Damage_Drug.asset
  artifactKey: Guid(30c8843f81922e54893f709a6b61ebe6) Importer(815301076,1909f56bfc062723c751e8b465ee728b)
Start importing Assets/Inventory System - Kinnly/ScriptableObjects/Damage_Drug.asset using Guid(30c8843f81922e54893f709a6b61ebe6) Importer(815301076,1909f56bfc062723c751e8b465ee728b) (PreviewImporter) -> (artifact id: 'c3e44c1504c4aae4b456dfa932dd3dc8') in 0.0032066 seconds
Number of updated asset objects reloaded before import = 0Number of asset objects unloaded after import = 10

========================================================================
Received Import Request.
  Time since last request: 6.609737 seconds.
  path: Assets/Inventory System - Kinnly/ScriptableObjects/Healing_Drug.asset
  artifactKey: Guid(6c8e09d9f6f6ef14aae3c3a5e9fc098f) Importer(815301076,1909f56bfc062723c751e8b465ee728b)
Start importing Assets/Inventory System - Kinnly/ScriptableObjects/Healing_Drug.asset using Guid(6c8e09d9f6f6ef14aae3c3a5e9fc098f) Importer(815301076,1909f56bfc062723c751e8b465ee728b) (PreviewImporter) -> (artifact id: '99c9690e0e8596f24cbb5ef0a6e346ce') in 0.0028485 seconds
Number of updated asset objects reloaded before import = 0Number of asset objects unloaded after import = 10

========================================================================
Received Import Request.
  Time since last request: 29.453877 seconds.
  path: Assets/Inventory System - Kinnly/Prefabs/Flower_Purple.prefab
  artifactKey: Guid(f283918db0404f049a4075af8f1f1b34) Importer(815301076,1909f56bfc062723c751e8b465ee728b)
Start importing Assets/Inventory System - Kinnly/Prefabs/Flower_Purple.prefab using Guid(f283918db0404f049a4075af8f1f1b34) Importer(815301076,1909f56bfc062723c751e8b465ee728b) (PreviewImporter) -> (artifact id: '60bcf6a094bf583d6294e06f1e27440e') in 0.6410397 seconds
Number of updated asset objects reloaded before import = 0Number of asset objects unloaded after import = 11

========================================================================
Received Import Request.
  Time since last request: 8.091472 seconds.
  path: Assets/StrategyGameResourceIcons/Icons/anchor.png
  artifactKey: Guid(3abf5f67570f3824ba9819a318eea879) Importer(815301076,1909f56bfc062723c751e8b465ee728b)
Start importing Assets/StrategyGameResourceIcons/Icons/anchor.png using Guid(3abf5f67570f3824ba9819a318eea879) Importer(815301076,1909f56bfc062723c751e8b465ee728b) (PreviewImporter) -> (artifact id: '8142cd8144470de793ab31bc86e71bf4') in 0.0470693 seconds
Number of updated asset objects reloaded before import = 0Number of asset objects unloaded after import = 3

========================================================================
Received Import Request.
  Time since last request: 0.000025 seconds.
  path: Assets/StrategyGameResourceIcons/Icons/barrel.png
  artifactKey: Guid(7b511e2eae6a6fd4d945e79394bc76c2) Importer(815301076,1909f56bfc062723c751e8b465ee728b)
Start importing Assets/StrategyGameResourceIcons/Icons/barrel.png using Guid(7b511e2eae6a6fd4d945e79394bc76c2) Importer(815301076,1909f56bfc062723c751e8b465ee728b) (PreviewImporter) -> (artifact id: 'cc5a02d802aef0be0ed50dc49903b708') in 0.0380986 seconds
Number of updated asset objects reloaded before import = 0Number of asset objects unloaded after import = 3

========================================================================
Received Import Request.
  Time since last request: 0.000051 seconds.
  path: Assets/StrategyGameResourceIcons/Icons/chain.png
  artifactKey: Guid(99edd7161bdd18e4a9a2cfbc8a4a21b8) Importer(815301076,1909f56bfc062723c751e8b465ee728b)
Start importing Assets/StrategyGameResourceIcons/Icons/chain.png using Guid(99edd7161bdd18e4a9a2cfbc8a4a21b8) Importer(815301076,1909f56bfc062723c751e8b465ee728b) (PreviewImporter) -> (artifact id: '4cb300029f119c4066a5dae1a6de882b') in 0.0319896 seconds
Number of updated asset objects reloaded before import = 0Number of asset objects unloaded after import = 3

========================================================================
Received Import Request.
  Time since last request: 0.000053 seconds.
  path: Assets/StrategyGameResourceIcons/Icons/bell.png
  artifactKey: Guid(1c7a80e10e35bfc43ae3581dea0ce3cb) Importer(815301076,1909f56bfc062723c751e8b465ee728b)
Start importing Assets/StrategyGameResourceIcons/Icons/bell.png using Guid(1c7a80e10e35bfc43ae3581dea0ce3cb) Importer(815301076,1909f56bfc062723c751e8b465ee728b) (PreviewImporter) -> (artifact id: '1afc9a2f00cfd232c575d4c0b9ec78e9') in 0.0304042 seconds
Number of updated asset objects reloaded before import = 0Number of asset objects unloaded after import = 3

========================================================================
Received Import Request.
  Time since last request: 0.000031 seconds.
  path: Assets/StrategyGameResourceIcons/Icons/bottle.png
  artifactKey: Guid(2808c639890ee8e448b03983c67c4ce0) Importer(815301076,1909f56bfc062723c751e8b465ee728b)
Start importing Assets/StrategyGameResourceIcons/Icons/bottle.png using Guid(2808c639890ee8e448b03983c67c4ce0) Importer(815301076,1909f56bfc062723c751e8b465ee728b) (PreviewImporter) -> (artifact id: '6763791172da818fcbee03aedcb6608e') in 0.0371121 seconds
Number of updated asset objects reloaded before import = 0Number of asset objects unloaded after import = 3

========================================================================
Received Import Request.
  Time since last request: 0.000028 seconds.
  path: Assets/StrategyGameResourceIcons/Icons/bottle2.png
  artifactKey: Guid(01cde3e65d8607a45b6948393adc3916) Importer(815301076,1909f56bfc062723c751e8b465ee728b)
Start importing Assets/StrategyGameResourceIcons/Icons/bottle2.png using Guid(01cde3e65d8607a45b6948393adc3916) Importer(815301076,1909f56bfc062723c751e8b465ee728b) (PreviewImporter) -> (artifact id: '2cf8ca89d809680827ffe0df9b5856e1') in 0.0315785 seconds
Number of updated asset objects reloaded before import = 0Number of asset objects unloaded after import = 3

========================================================================
Received Import Request.
  Time since last request: 3.886023 seconds.
  path: Assets/StrategyGameResourceIcons/Icons/silk.png
  artifactKey: Guid(e74a1db0bc421494cae0ac7e8b7e887e) Importer(815301076,1909f56bfc062723c751e8b465ee728b)
Start importing Assets/StrategyGameResourceIcons/Icons/silk.png using Guid(e74a1db0bc421494cae0ac7e8b7e887e) Importer(815301076,1909f56bfc062723c751e8b465ee728b) (PreviewImporter) -> (artifact id: 'd61122c0c9c486210d650f30864abf58') in 0.0305004 seconds
Number of updated asset objects reloaded before import = 0Number of asset objects unloaded after import = 3

========================================================================
Received Import Request.
  Time since last request: 0.000082 seconds.
  path: Assets/StrategyGameResourceIcons/Icons/tools.png
  artifactKey: Guid(3867f8bb2a56d53428f18fd81d5b34fc) Importer(815301076,1909f56bfc062723c751e8b465ee728b)
Start importing Assets/StrategyGameResourceIcons/Icons/tools.png using Guid(3867f8bb2a56d53428f18fd81d5b34fc) Importer(815301076,1909f56bfc062723c751e8b465ee728b) (PreviewImporter) -> (artifact id: '02956ca30c2d75604188dc7676adfde7') in 0.0367471 seconds
Number of updated asset objects reloaded before import = 0Number of asset objects unloaded after import = 3

========================================================================
Received Import Request.
  Time since last request: 0.000087 seconds.
  path: Assets/StrategyGameResourceIcons/Icons/stoneblock.png
  artifactKey: Guid(645d1115bcc2fef4d9fb9a6bf69ee7fa) Importer(815301076,1909f56bfc062723c751e8b465ee728b)
Start importing Assets/StrategyGameResourceIcons/Icons/stoneblock.png using Guid(645d1115bcc2fef4d9fb9a6bf69ee7fa) Importer(815301076,1909f56bfc062723c751e8b465ee728b) (PreviewImporter) -> (artifact id: 'bd5cafd98db76454d2c4ac4f243f626e') in 0.0901905 seconds
Number of updated asset objects reloaded before import = 0Number of asset objects unloaded after import = 3

========================================================================
Received Import Request.
  Time since last request: 0.000065 seconds.
  path: Assets/StrategyGameResourceIcons/Icons/sulfur.png
  artifactKey: Guid(74a226aae0cd30f4699a5cbd9c6ebc67) Importer(815301076,1909f56bfc062723c751e8b465ee728b)
Start importing Assets/StrategyGameResourceIcons/Icons/sulfur.png using Guid(74a226aae0cd30f4699a5cbd9c6ebc67) Importer(815301076,1909f56bfc062723c751e8b465ee728b) (PreviewImporter) -> (artifact id: 'da06d18a993da1a6144e3a08f6a64ed6') in 0.0452338 seconds
Number of updated asset objects reloaded before import = 0Number of asset objects unloaded after import = 3

========================================================================
Received Import Request.
  Time since last request: 0.000058 seconds.
  path: Assets/StrategyGameResourceIcons/Icons/tobbacco.png
  artifactKey: Guid(f11615cc7423c6f41b6cf63b362ca660) Importer(815301076,1909f56bfc062723c751e8b465ee728b)
Start importing Assets/StrategyGameResourceIcons/Icons/tobbacco.png using Guid(f11615cc7423c6f41b6cf63b362ca660) Importer(815301076,1909f56bfc062723c751e8b465ee728b) (PreviewImporter) -> (artifact id: '6d2722474c27df6f9a525a3acf63d000') in 0.0420003 seconds
Number of updated asset objects reloaded before import = 0Number of asset objects unloaded after import = 3

========================================================================
Received Import Request.
  Time since last request: 0.000046 seconds.
  path: Assets/StrategyGameResourceIcons/Icons/sugar.png
  artifactKey: Guid(ed4b7dc2197cba649ae81f75ae87f04f) Importer(815301076,1909f56bfc062723c751e8b465ee728b)
Start importing Assets/StrategyGameResourceIcons/Icons/sugar.png using Guid(ed4b7dc2197cba649ae81f75ae87f04f) Importer(815301076,1909f56bfc062723c751e8b465ee728b) (PreviewImporter) -> (artifact id: '38fe1fc23d6e0e3cde96274bdf4be8eb') in 0.0426619 seconds
Number of updated asset objects reloaded before import = 0Number of asset objects unloaded after import = 3

========================================================================
Received Import Request.
  Time since last request: 0.000125 seconds.
  path: Assets/StrategyGameResourceIcons/Icons/yarn.png
  artifactKey: Guid(19b136a2d7f85ac458554a3c9a158e61) Importer(815301076,1909f56bfc062723c751e8b465ee728b)
Start importing Assets/StrategyGameResourceIcons/Icons/yarn.png using Guid(19b136a2d7f85ac458554a3c9a158e61) Importer(815301076,1909f56bfc062723c751e8b465ee728b) (PreviewImporter) -> (artifact id: '6621e7fd9707828dd718b3d9db5ce553') in 0.0426018 seconds
Number of updated asset objects reloaded before import = 0Number of asset objects unloaded after import = 3

========================================================================
Received Import Request.
  Time since last request: 0.000035 seconds.
  path: Assets/StrategyGameResourceIcons/Icons/wheat.png
  artifactKey: Guid(6932684c1372d4d429aaa9f9cc0f611a) Importer(815301076,1909f56bfc062723c751e8b465ee728b)
Start importing Assets/StrategyGameResourceIcons/Icons/wheat.png using Guid(6932684c1372d4d429aaa9f9cc0f611a) Importer(815301076,1909f56bfc062723c751e8b465ee728b) (PreviewImporter) -> (artifact id: '84996a10d8ebe268fd669d95d8717af1') in 0.0309028 seconds
Number of updated asset objects reloaded before import = 0Number of asset objects unloaded after import = 3

========================================================================
Received Import Request.
  Time since last request: 0.000042 seconds.
  path: Assets/StrategyGameResourceIcons/Icons/thread.png
  artifactKey: Guid(b17e7b1d6714fad498d70c12c56af25d) Importer(815301076,1909f56bfc062723c751e8b465ee728b)
Start importing Assets/StrategyGameResourceIcons/Icons/thread.png using Guid(b17e7b1d6714fad498d70c12c56af25d) Importer(815301076,1909f56bfc062723c751e8b465ee728b) (PreviewImporter) -> (artifact id: 'e5d654be3da56200f228faaa897c4de2') in 0.0360991 seconds
Number of updated asset objects reloaded before import = 0Number of asset objects unloaded after import = 3

========================================================================
Received Import Request.
  Time since last request: 0.000061 seconds.
  path: Assets/StrategyGameResourceIcons/Icons/zen.png
  artifactKey: Guid(69fee03fda6d7434fbb8d4505da921fe) Importer(815301076,1909f56bfc062723c751e8b465ee728b)
Start importing Assets/StrategyGameResourceIcons/Icons/zen.png using Guid(69fee03fda6d7434fbb8d4505da921fe) Importer(815301076,1909f56bfc062723c751e8b465ee728b) (PreviewImporter) -> (artifact id: '056aa53d43958c04f6beb682186f818f') in 0.0390207 seconds
Number of updated asset objects reloaded before import = 0Number of asset objects unloaded after import = 3

========================================================================
Received Import Request.
  Time since last request: 719.675360 seconds.
  path: Assets/Inventory System - Kinnly/Prefabs/Flower_Blue.prefab
  artifactKey: Guid(532d9225bd789994485a2b1246771a6c) Importer(815301076,1909f56bfc062723c751e8b465ee728b)
Start importing Assets/Inventory System - Kinnly/Prefabs/Flower_Blue.prefab using Guid(532d9225bd789994485a2b1246771a6c) Importer(815301076,1909f56bfc062723c751e8b465ee728b) (PreviewImporter) -> (artifact id: 'cf2365229311cf2da8d2adf3a5945a47') in 0.1002019 seconds
Number of updated asset objects reloaded before import = 0Number of asset objects unloaded after import = 13

========================================================================
Received Import Request.
  Time since last request: 50.299206 seconds.
  path: Assets/Inventory System - Kinnly/Prefabs/Flower_Blue.prefab
  artifactKey: Guid(532d9225bd789994485a2b1246771a6c) Importer(815301076,1909f56bfc062723c751e8b465ee728b)
Start importing Assets/Inventory System - Kinnly/Prefabs/Flower_Blue.prefab using Guid(532d9225bd789994485a2b1246771a6c) Importer(815301076,1909f56bfc062723c751e8b465ee728b) (PreviewImporter) -> (artifact id: '7f3bc913f98fbaf6d48ab26df10a41ae') in 0.0188995 seconds
Number of updated asset objects reloaded before import = 0Number of asset objects unloaded after import = 11

========================================================================
Received Import Request.
  Time since last request: 34.137442 seconds.
  path: Assets/Inventory System - Kinnly/Prefabs/Flower_Red.prefab
  artifactKey: Guid(95caecb8e5ed751498e8580492f2ef2d) Importer(815301076,1909f56bfc062723c751e8b465ee728b)
Start importing Assets/Inventory System - Kinnly/Prefabs/Flower_Red.prefab using Guid(95caecb8e5ed751498e8580492f2ef2d) Importer(815301076,1909f56bfc062723c751e8b465ee728b) (PreviewImporter) -> (artifact id: '818e1d7b45f3fdc3ec938bc05064534c') in 0.0255028 seconds
Number of updated asset objects reloaded before import = 0Number of asset objects unloaded after import = 13

========================================================================
Received Import Request.
  Time since last request: 102.934483 seconds.
  path: Assets/Inventory System - Kinnly/Prefabs/Flower_Red 1.prefab
  artifactKey: Guid(935ca401db0fd64468e11290fe15c514) Importer(815301076,1909f56bfc062723c751e8b465ee728b)
Start importing Assets/Inventory System - Kinnly/Prefabs/Flower_Red 1.prefab using Guid(935ca401db0fd64468e11290fe15c514) Importer(815301076,1909f56bfc062723c751e8b465ee728b) (PreviewImporter) -> (artifact id: '210e4e5aa4aa090fec2d0da1ff0c54bc') in 0.0122037 seconds
Number of updated asset objects reloaded before import = 0Number of asset objects unloaded after import = 23

========================================================================
Received Import Request.
  Time since last request: 0.000127 seconds.
  path: Assets/Inventory System - Kinnly/Prefabs/Flower_Red.prefab
  artifactKey: Guid(95caecb8e5ed751498e8580492f2ef2d) Importer(815301076,1909f56bfc062723c751e8b465ee728b)
Start importing Assets/Inventory System - Kinnly/Prefabs/Flower_Red.prefab using Guid(95caecb8e5ed751498e8580492f2ef2d) Importer(815301076,1909f56bfc062723c751e8b465ee728b) (PreviewImporter) -> (artifact id: 'f451cc403184f50f8f17b187a7d10cdd') in 0.0123452 seconds
Number of updated asset objects reloaded before import = 0Number of asset objects unloaded after import = 23

========================================================================
Received Import Request.
  Time since last request: 10.843963 seconds.
  path: Assets/Inventory System - Kinnly/ScriptableObjects/Damage_Drug.asset
  artifactKey: Guid(30c8843f81922e54893f709a6b61ebe6) Importer(815301076,1909f56bfc062723c751e8b465ee728b)
Start importing Assets/Inventory System - Kinnly/ScriptableObjects/Damage_Drug.asset using Guid(30c8843f81922e54893f709a6b61ebe6) Importer(815301076,1909f56bfc062723c751e8b465ee728b) (PreviewImporter) -> (artifact id: '935043e68fa083bdaead0d86321d4c06') in 0.0016687 seconds
Number of updated asset objects reloaded before import = 0Number of asset objects unloaded after import = 2

========================================================================
Received Import Request.
  Time since last request: 22.664542 seconds.
  path: Assets/Inventory System - Kinnly/Prefabs/Flower_Red 1.prefab
  artifactKey: Guid(935ca401db0fd64468e11290fe15c514) Importer(815301076,1909f56bfc062723c751e8b465ee728b)
Start importing Assets/Inventory System - Kinnly/Prefabs/Flower_Red 1.prefab using Guid(935ca401db0fd64468e11290fe15c514) Importer(815301076,1909f56bfc062723c751e8b465ee728b) (PreviewImporter) -> (artifact id: 'e4e728ea9b7992fc3c03361b0b1e6dcb') in 0.0100783 seconds
Number of updated asset objects reloaded before import = 0Number of asset objects unloaded after import = 11

========================================================================
Received Import Request.
  Time since last request: 10.854148 seconds.
  path: Assets/Inventory System - Kinnly/Prefabs/Flower_Red 1.prefab
  artifactKey: Guid(935ca401db0fd64468e11290fe15c514) Importer(815301076,1909f56bfc062723c751e8b465ee728b)
Start importing Assets/Inventory System - Kinnly/Prefabs/Flower_Red 1.prefab using Guid(935ca401db0fd64468e11290fe15c514) Importer(815301076,1909f56bfc062723c751e8b465ee728b) (PreviewImporter) -> (artifact id: '6639a4ec0b321df8b4775fa70b6635a5') in 0.0252729 seconds
Number of updated asset objects reloaded before import = 0Number of asset objects unloaded after import = 13

========================================================================
Received Import Request.
  Time since last request: 17.181620 seconds.
  path: Assets/Inventory System - Kinnly/Prefabs/Flower_Red 1.prefab
  artifactKey: Guid(935ca401db0fd64468e11290fe15c514) Importer(815301076,1909f56bfc062723c751e8b465ee728b)
Start importing Assets/Inventory System - Kinnly/Prefabs/Flower_Red 1.prefab using Guid(935ca401db0fd64468e11290fe15c514) Importer(815301076,1909f56bfc062723c751e8b465ee728b) (PreviewImporter) -> (artifact id: 'a313a55fd5c70337d833a5391e5579d3') in 0.0152312 seconds
Number of updated asset objects reloaded before import = 0Number of asset objects unloaded after import = 13

========================================================================
Received Import Request.
  Time since last request: 29.151761 seconds.
  path: Assets/Inventory System - Kinnly/Prefabs/Flower_Red 2.prefab
  artifactKey: Guid(7a3f4e09a64281d41a342298af9a4da3) Importer(815301076,1909f56bfc062723c751e8b465ee728b)
Start importing Assets/Inventory System - Kinnly/Prefabs/Flower_Red 2.prefab using Guid(7a3f4e09a64281d41a342298af9a4da3) Importer(815301076,1909f56bfc062723c751e8b465ee728b) (PreviewImporter) -> (artifact id: 'b69b5653806340f711db2abb6c1c8b9f') in 0.0410733 seconds
Number of updated asset objects reloaded before import = 0Number of asset objects unloaded after import = 20

========================================================================
Received Import Request.
  Time since last request: 27.627028 seconds.
  path: Assets/Inventory System - Kinnly/Prefabs/Flower_Red 2.prefab
  artifactKey: Guid(7a3f4e09a64281d41a342298af9a4da3) Importer(815301076,1909f56bfc062723c751e8b465ee728b)
Start importing Assets/Inventory System - Kinnly/Prefabs/Flower_Red 2.prefab using Guid(7a3f4e09a64281d41a342298af9a4da3) Importer(815301076,1909f56bfc062723c751e8b465ee728b) (PreviewImporter) -> (artifact id: '0dd162c65e9262f2e60c7ef3439362a6') in 0.0235519 seconds
Number of updated asset objects reloaded before import = 0Number of asset objects unloaded after import = 22

========================================================================
Received Import Request.
  Time since last request: 173.808365 seconds.
  path: Assets/Inventory System - Kinnly/Script/Objects/DisplayTable.cs
  artifactKey: Guid(8d0d23da7ddd1ce4abaf775b0261bebc) Importer(815301076,1909f56bfc062723c751e8b465ee728b)
Start importing Assets/Inventory System - Kinnly/Script/Objects/DisplayTable.cs using Guid(8d0d23da7ddd1ce4abaf775b0261bebc) Importer(815301076,1909f56bfc062723c751e8b465ee728b) (PreviewImporter) -> (artifact id: '1545dff80a3d5dbbad03fb000b5805a1') in 0.0018304 seconds
Number of updated asset objects reloaded before import = 0Number of asset objects unloaded after import = 0

========================================================================
Received Import Request.
  Time since last request: 57.208370 seconds.
  path: Assets/Inventory System - Kinnly/Prefabs/DisplayTable.prefab
  artifactKey: Guid(f95330b8cd6139442b50ebba6cad30ae) Importer(815301076,1909f56bfc062723c751e8b465ee728b)
Start importing Assets/Inventory System - Kinnly/Prefabs/DisplayTable.prefab using Guid(f95330b8cd6139442b50ebba6cad30ae) Importer(815301076,1909f56bfc062723c751e8b465ee728b) (PreviewImporter) -> (artifact id: 'dd6f66b4977e285a1a9531935813b25c') in 0.3638237 seconds
Number of updated asset objects reloaded before import = 0Number of asset objects unloaded after import = 21

========================================================================
Received Prepare
Begin MonoManager ReloadAssembly
- Loaded All Assemblies, in  7.230 seconds
Refreshing native plugins compatible for Editor in 2.86 ms, found 4 plugins.
Native extension for WindowsStandalone target not found
Native extension for WebGL target not found
Mono: successfully reloaded assembly
- Finished resetting the current domain, in  1.503 seconds
Domain Reload Profiling: 8751ms
	BeginReloadAssembly (2629ms)
		ExecutionOrderSort (2ms)
		DisableScriptedObjects (566ms)
		BackupInstance (0ms)
		ReleaseScriptingObjects (5ms)
		CreateAndSetChildDomain (904ms)
	RebuildCommonClasses (207ms)
	RebuildNativeTypeToScriptingClass (17ms)
	initialDomainReloadingComplete (57ms)
	LoadAllAssembliesAndSetupDomain (4338ms)
		LoadAssemblies (4541ms)
		RebuildTransferFunctionScriptingTraits (0ms)
		AnalyzeDomain (565ms)
			TypeCache.Refresh (36ms)
				TypeCache.ScanAssembly (1ms)
			BuildScriptInfoCaches (478ms)
			ResolveRequiredComponents (22ms)
	FinalizeReload (1504ms)
		ReleaseScriptCaches (0ms)
		RebuildScriptCaches (0ms)
		SetupLoadedEditorAssemblies (892ms)
			LogAssemblyErrors (0ms)
			InitializePlatformSupportModulesInManaged (5ms)
			SetLoadedEditorAssemblies (8ms)
			BeforeProcessingInitializeOnLoad (88ms)
			ProcessInitializeOnLoadAttributes (690ms)
			ProcessInitializeOnLoadMethodAttributes (88ms)
			AfterProcessingInitializeOnLoad (12ms)
			EditorAssembliesLoaded (1ms)
		ExecutionOrderSort2 (0ms)
		AwakeInstancesAfterBackupRestoration (17ms)
Refreshing native plugins compatible for Editor in 1.80 ms, found 4 plugins.
Preloading 0 native plugins for Editor in 0.00 ms.
Unloading 13 Unused Serialized files (Serialized files now loaded: 0)
Unloading 6557 unused Assets / (4.8 MB). Loaded Objects now: 7392.
Memory consumption went from 172.9 MB to 168.1 MB.
Total: 25.178300 ms (FindLiveObjects: 2.160200 ms CreateObjectMapping: 4.344700 ms MarkObjects: 11.975600 ms  DeleteObjects: 6.694600 ms)

Prepare: number of updated asset objects reloaded= 0
========================================================================
Received Import Request.
  Time since last request: 423.776706 seconds.
  path: Assets/Inventory System - Kinnly/Prefabs/Furnace.prefab
  artifactKey: Guid(d3acb5ea42e14c14db7f5ffb8d9b17db) Importer(815301076,1909f56bfc062723c751e8b465ee728b)
Start importing Assets/Inventory System - Kinnly/Prefabs/Furnace.prefab using Guid(d3acb5ea42e14c14db7f5ffb8d9b17db) Importer(815301076,1909f56bfc062723c751e8b465ee728b) (PreviewImporter) -> (artifact id: '83c34fe3cb7227a75a8c8956a71f789b') in 0.8914832 seconds
Number of updated asset objects reloaded before import = 0Number of asset objects unloaded after import = 39

========================================================================
Received Import Request.
  Time since last request: 7.848573 seconds.
  path: ProjectSettings/TagManager.asset
  artifactKey: Guid(00000000000000003000000000000000) Importer(815301076,1909f56bfc062723c751e8b465ee728b)
Start importing ProjectSettings/TagManager.asset using Guid(00000000000000003000000000000000) Importer(815301076,1909f56bfc062723c751e8b465ee728b) (PreviewImporter) -> (artifact id: 'f977daad250287a77023f5bf763e242e') in 0.0027335 seconds
Number of updated asset objects reloaded before import = 0Number of asset objects unloaded after import = 0

========================================================================
Received Import Request.
  Time since last request: 86.370307 seconds.
  path: Assets/Inventory System - Kinnly/Prefabs/Flower_Red.prefab
  artifactKey: Guid(95caecb8e5ed751498e8580492f2ef2d) Importer(815301076,1909f56bfc062723c751e8b465ee728b)
Start importing Assets/Inventory System - Kinnly/Prefabs/Flower_Red.prefab using Guid(95caecb8e5ed751498e8580492f2ef2d) Importer(815301076,1909f56bfc062723c751e8b465ee728b) (PreviewImporter) -> (artifact id: 'ac3cf1187e76c5ef8a87b1a0b8352a96') in 0.0666106 seconds
Number of updated asset objects reloaded before import = 0Number of asset objects unloaded after import = 23

========================================================================
Received Import Request.
  Time since last request: 37.586620 seconds.
  path: Assets/Inventory System - Kinnly/Prefabs/Damage.prefab
  artifactKey: Guid(95caecb8e5ed751498e8580492f2ef2d) Importer(815301076,1909f56bfc062723c751e8b465ee728b)
Start importing Assets/Inventory System - Kinnly/Prefabs/Damage.prefab using Guid(95caecb8e5ed751498e8580492f2ef2d) Importer(815301076,1909f56bfc062723c751e8b465ee728b) (PreviewImporter) -> (artifact id: '69b44957e7a70f0a71fee2f9c0edc886') in 0.0107981 seconds
Number of updated asset objects reloaded before import = 0Number of asset objects unloaded after import = 23

========================================================================
Received Import Request.
  Time since last request: 6.538185 seconds.
  path: Assets/Inventory System - Kinnly/Prefabs/Flower_Red 2.prefab
  artifactKey: Guid(7a3f4e09a64281d41a342298af9a4da3) Importer(815301076,1909f56bfc062723c751e8b465ee728b)
Start importing Assets/Inventory System - Kinnly/Prefabs/Flower_Red 2.prefab using Guid(7a3f4e09a64281d41a342298af9a4da3) Importer(815301076,1909f56bfc062723c751e8b465ee728b) (PreviewImporter) -> (artifact id: '8bab35e5596a83da53a31c08b2d253a4') in 0.0264599 seconds
Number of updated asset objects reloaded before import = 0Number of asset objects unloaded after import = 22

========================================================================
Received Import Request.
  Time since last request: 4.163951 seconds.
  path: Assets/Inventory System - Kinnly/Prefabs/Flower_Red 2.prefab
  artifactKey: Guid(7a3f4e09a64281d41a342298af9a4da3) Importer(815301076,1909f56bfc062723c751e8b465ee728b)
Start importing Assets/Inventory System - Kinnly/Prefabs/Flower_Red 2.prefab using Guid(7a3f4e09a64281d41a342298af9a4da3) Importer(815301076,1909f56bfc062723c751e8b465ee728b) (PreviewImporter) -> (artifact id: '988871e582ec2629852cca5d4f0c366e') in 0.0123416 seconds
Number of updated asset objects reloaded before import = 0Number of asset objects unloaded after import = 22

========================================================================
Received Import Request.
  Time since last request: 4.749469 seconds.
  path: Assets/Inventory System - Kinnly/Prefabs/Damage.prefab
  artifactKey: Guid(95caecb8e5ed751498e8580492f2ef2d) Importer(815301076,1909f56bfc062723c751e8b465ee728b)
Start importing Assets/Inventory System - Kinnly/Prefabs/Damage.prefab using Guid(95caecb8e5ed751498e8580492f2ef2d) Importer(815301076,1909f56bfc062723c751e8b465ee728b) (PreviewImporter) -> (artifact id: '933c3587f4407a3b33950e5783079b2e') in 0.0100379 seconds
Number of updated asset objects reloaded before import = 0Number of asset objects unloaded after import = 23

========================================================================
Received Import Request.
  Time since last request: 187.115747 seconds.
  path: Assets/Inventory System - Kinnly/Prefabs/Damage.prefab
  artifactKey: Guid(95caecb8e5ed751498e8580492f2ef2d) Importer(815301076,1909f56bfc062723c751e8b465ee728b)
Start importing Assets/Inventory System - Kinnly/Prefabs/Damage.prefab using Guid(95caecb8e5ed751498e8580492f2ef2d) Importer(815301076,1909f56bfc062723c751e8b465ee728b) (PreviewImporter) -> (artifact id: 'fa11b49426cfa8721c0f3745d4f16e5d') in 0.0334675 seconds
Number of updated asset objects reloaded before import = 0Number of asset objects unloaded after import = 21

========================================================================
Received Import Request.
  Time since last request: 0.134584 seconds.
  path: Assets/Inventory System - Kinnly/Prefabs/Furnace.prefab
  artifactKey: Guid(d3acb5ea42e14c14db7f5ffb8d9b17db) Importer(815301076,1909f56bfc062723c751e8b465ee728b)
Start importing Assets/Inventory System - Kinnly/Prefabs/Furnace.prefab using Guid(d3acb5ea42e14c14db7f5ffb8d9b17db) Importer(815301076,1909f56bfc062723c751e8b465ee728b) (PreviewImporter) -> (artifact id: 'b6dca9f49cc3d220dee77b83de0c3a8c') in 0.0761412 seconds
Number of updated asset objects reloaded before import = 0Number of asset objects unloaded after import = 66

========================================================================
Received Import Request.
  Time since last request: 0.000054 seconds.
  path: Assets/Inventory System - Kinnly/Prefabs/Healing.prefab
  artifactKey: Guid(935ca401db0fd64468e11290fe15c514) Importer(815301076,1909f56bfc062723c751e8b465ee728b)
Start importing Assets/Inventory System - Kinnly/Prefabs/Healing.prefab using Guid(935ca401db0fd64468e11290fe15c514) Importer(815301076,1909f56bfc062723c751e8b465ee728b) (PreviewImporter) -> (artifact id: '05126672485b39a443978b0b54c3ec4f') in 0.0177222 seconds
Number of updated asset objects reloaded before import = 0Number of asset objects unloaded after import = 21

========================================================================
Received Import Request.
  Time since last request: 266.442110 seconds.
  path: Assets/Inventory System - Kinnly/ScriptableObjects/Furnace.asset
  artifactKey: Guid(05a632f52628ec9489c16dbe2fbc51b3) Importer(815301076,1909f56bfc062723c751e8b465ee728b)
Start importing Assets/Inventory System - Kinnly/ScriptableObjects/Furnace.asset using Guid(05a632f52628ec9489c16dbe2fbc51b3) Importer(815301076,1909f56bfc062723c751e8b465ee728b) (PreviewImporter) -> (artifact id: '89c938b19b4dfe8ffbda8efd1c868249') in 0.0209573 seconds
Number of updated asset objects reloaded before import = 0Number of asset objects unloaded after import = 53

========================================================================
Received Import Request.
  Time since last request: 0.000044 seconds.
  path: Assets/Inventory System - Kinnly/ScriptableObjects/Sword.asset
  artifactKey: Guid(5572e8fdbc6a3d34e91a65c2a71c1551) Importer(815301076,1909f56bfc062723c751e8b465ee728b)
Start importing Assets/Inventory System - Kinnly/ScriptableObjects/Sword.asset using Guid(5572e8fdbc6a3d34e91a65c2a71c1551) Importer(815301076,1909f56bfc062723c751e8b465ee728b) (PreviewImporter) -> (artifact id: 'b392825614b9e4e4a30972c97cb53aba') in 0.0069032 seconds
Number of updated asset objects reloaded before import = 0Number of asset objects unloaded after import = 30

========================================================================
Received Import Request.
  Time since last request: 51.829096 seconds.
  path: Assets/Inventory System - Kinnly/ScriptableObjects/Flower_Blue.asset
  artifactKey: Guid(fbee0fdfcdb608c458988f50363038bf) Importer(815301076,1909f56bfc062723c751e8b465ee728b)
Start importing Assets/Inventory System - Kinnly/ScriptableObjects/Flower_Blue.asset using Guid(fbee0fdfcdb608c458988f50363038bf) Importer(815301076,1909f56bfc062723c751e8b465ee728b) (PreviewImporter) -> (artifact id: 'bc64fbfe7c07213c053531c226eb2ad6') in 0.0015855 seconds
Number of updated asset objects reloaded before import = 0Number of asset objects unloaded after import = 2

